<?xml version="1.0" encoding="UTF-8"?>
<!-- Generated by org.testng.reporters.JUnitReportReporter -->
<testsuite hostname="DESKTOP-089NAN2" name="getapi.GetApiTest" tests="1" failures="0" timestamp="21 Feb 2018 18:35:43 GMT" time="3.607" errors="0">
  <testcase name="getapi" time="3.607" classname="getapi.GetApiTest"/>
</testsuite> <!-- getapi.GetApiTest -->
